2022-12-23 00:06:30 INFO  m.z.j.c.RedisConfig - 初始化 -> [Redis CacheErrorHandler]
2022-12-23 00:07:03 INFO  m.z.j.c.RedisConfig - 初始化 -> [Redis CacheErrorHandler]
2022-12-23 00:08:03 INFO  m.z.j.c.RedisConfig - 初始化 -> [Redis CacheErrorHandler]
2022-12-23 00:09:26 INFO  m.z.j.c.RedisConfig - 初始化 -> [Redis CacheErrorHandler]
2022-12-23 00:10:46 INFO  m.z.j.c.RedisConfig - 初始化 -> [Redis CacheErrorHandler]
2022-12-23 00:21:01 INFO  m.z.j.c.RedisConfig - 初始化 -> [Redis CacheErrorHandler]
2022-12-23 00:24:14 INFO  m.z.j.c.RedisConfig - 初始化 -> [Redis CacheErrorHandler]
2022-12-23 00:24:36 INFO  m.z.j.c.RedisConfig - 初始化 -> [Redis CacheErrorHandler]
2022-12-23 00:25:09 INFO  m.z.j.c.RedisConfig - 初始化 -> [Redis CacheErrorHandler]
2022-12-23 00:26:07 INFO  m.z.j.c.RedisConfig - 初始化 -> [Redis CacheErrorHandler]
2022-12-23 00:26:43 INFO  m.z.j.c.RedisConfig - 初始化 -> [Redis CacheErrorHandler]
2022-12-23 00:27:13 INFO  m.z.j.c.RedisConfig - 初始化 -> [Redis CacheErrorHandler]
2022-12-23 00:27:53 INFO  m.z.j.c.RedisConfig - 初始化 -> [Redis CacheErrorHandler]
2022-12-23 00:28:32 INFO  m.z.j.c.RedisConfig - 初始化 -> [Redis CacheErrorHandler]
2022-12-23 00:30:30 INFO  m.z.j.c.RedisConfig - 初始化 -> [Redis CacheErrorHandler]
2022-12-23 00:31:48 INFO  m.z.j.c.RedisConfig - 初始化 -> [Redis CacheErrorHandler]
2022-12-23 00:33:14 INFO  m.z.j.c.RedisConfig - 初始化 -> [Redis CacheErrorHandler]
2022-12-23 00:33:33 INFO  m.z.j.c.RedisConfig - 初始化 -> [Redis CacheErrorHandler]
2022-12-23 00:34:31 INFO  m.z.j.c.RedisConfig - 初始化 -> [Redis CacheErrorHandler]
2022-12-23 00:35:04 INFO  m.z.j.c.RedisConfig - 初始化 -> [Redis CacheErrorHandler]
2022-12-23 00:37:32 INFO  m.z.j.c.RedisConfig - 初始化 -> [Redis CacheErrorHandler]
2022-12-23 00:39:16 INFO  m.z.j.c.RedisConfig - 初始化 -> [Redis CacheErrorHandler]
2022-12-23 00:41:23 INFO  m.z.j.c.RedisConfig - 初始化 -> [Redis CacheErrorHandler]
2022-12-23 00:42:07 INFO  m.z.j.c.RedisConfig - 初始化 -> [Redis CacheErrorHandler]
2022-12-23 00:43:00 INFO  m.z.j.c.RedisConfig - 初始化 -> [Redis CacheErrorHandler]
2022-12-23 00:45:12 INFO  m.z.j.c.RedisConfig - 初始化 -> [Redis CacheErrorHandler]
2022-12-23 00:47:35 INFO  m.z.j.c.RedisConfig - 初始化 -> [Redis CacheErrorHandler]
2022-12-23 00:47:52 INFO  m.z.j.c.RedisConfig - 初始化 -> [Redis CacheErrorHandler]
2022-12-23 00:52:27 INFO  m.z.j.c.RedisConfig - 初始化 -> [Redis CacheErrorHandler]
2022-12-23 00:53:16 INFO  m.z.j.c.RedisConfig - 初始化 -> [Redis CacheErrorHandler]
2022-12-23 12:06:57 INFO  m.z.j.c.RedisConfig - 初始化 -> [Redis CacheErrorHandler]
2022-12-23 12:08:43 INFO  m.z.j.c.RedisConfig - 初始化 -> [Redis CacheErrorHandler]
2022-12-23 12:14:12 INFO  m.z.j.c.RedisConfig - 初始化 -> [Redis CacheErrorHandler]
2022-12-23 12:21:17 INFO  m.z.j.c.RedisConfig - 初始化 -> [Redis CacheErrorHandler]
2022-12-23 12:23:54 INFO  m.z.j.c.RedisConfig - 初始化 -> [Redis CacheErrorHandler]
2022-12-23 12:24:56 INFO  m.z.j.c.RedisConfig - 初始化 -> [Redis CacheErrorHandler]
2022-12-23 12:27:14 INFO  m.z.j.c.RedisConfig - 初始化 -> [Redis CacheErrorHandler]
2022-12-23 12:30:57 INFO  m.z.j.c.RedisConfig - 初始化 -> [Redis CacheErrorHandler]
2022-12-23 12:31:05 INFO  m.z.j.RestAuthController - 进入render：gitee
2022-12-23 12:31:06 INFO  m.z.j.RestAuthController - https://gitee.com/oauth/authorize?response_type=code&client_id=e6bdeef064190404c0af8e81ab330e45ea9adc49a161e3bf0cdbdb97a7ee001a&redirect_uri=http://127.0.0.1:8443/oauth/callback/gitee&state=43a9aef51f4a8d7f90972303f1a51db3&scope=user_info%20projects%20pull_requests%20issues%20notes%20keys%20hook%20groups%20gists%20enterprises%20emails
2022-12-23 12:39:19 INFO  m.z.j.c.RedisConfig - 初始化 -> [Redis CacheErrorHandler]
2022-12-23 12:39:24 INFO  m.z.j.RestAuthController - 进入render：gitee
2022-12-23 12:39:24 INFO  m.z.j.RestAuthController - https://gitee.com/oauth/authorize?response_type=code&client_id=e6bdeef064190404c0af8e81ab330e45ea9adc49a161e3bf0cdbdb97a7ee001a&redirect_uri=http://127.0.0.1:8443/oauth/callback/gitee&state=08cc9aa5e2490960f1da8685be0e8904&scope=user_info%20projects%20pull_requests%20issues%20notes%20keys%20hook%20groups%20gists%20enterprises%20emails
2022-12-23 12:39:30 INFO  m.z.j.RestAuthController - 进入render：gitee
2022-12-23 12:39:30 INFO  m.z.j.RestAuthController - https://gitee.com/oauth/authorize?response_type=code&client_id=e6bdeef064190404c0af8e81ab330e45ea9adc49a161e3bf0cdbdb97a7ee001a&redirect_uri=http://127.0.0.1:8443/oauth/callback/gitee&state=ced9176835d4c84a8eeeb8c1d1a744b7&scope=user_info%20projects%20pull_requests%20issues%20notes%20keys%20hook%20groups%20gists%20enterprises%20emails
2022-12-23 12:39:32 INFO  m.z.j.RestAuthController - 进入render：gitee
2022-12-23 12:39:32 INFO  m.z.j.RestAuthController - https://gitee.com/oauth/authorize?response_type=code&client_id=e6bdeef064190404c0af8e81ab330e45ea9adc49a161e3bf0cdbdb97a7ee001a&redirect_uri=http://127.0.0.1:8443/oauth/callback/gitee&state=41377028418c904a6c1d39b93dd0d694&scope=user_info%20projects%20pull_requests%20issues%20notes%20keys%20hook%20groups%20gists%20enterprises%20emails
2022-12-23 12:45:35 INFO  m.z.j.c.RedisConfig - 初始化 -> [Redis CacheErrorHandler]
2022-12-23 12:45:40 INFO  m.z.j.RestAuthController - 进入render：gitee
2022-12-23 12:45:40 INFO  m.z.j.RestAuthController - https://gitee.com/oauth/authorize?response_type=code&client_id=e6bdeef064190404c0af8e81ab330e45ea9adc49a161e3bf0cdbdb97a7ee001a&redirect_uri=http://127.0.0.1:8443/oauth/callback/gitee&state=42ba722014efcb9e8fae61cef8d8d54a&scope=user_info%20projects%20pull_requests%20issues%20notes%20keys%20hook%20groups%20gists%20enterprises%20emails
2022-12-23 12:47:53 INFO  m.z.j.c.RedisConfig - 初始化 -> [Redis CacheErrorHandler]
2022-12-23 12:47:57 INFO  m.z.j.RestAuthController - 进入render：gitee
2022-12-23 12:47:57 INFO  m.z.j.RestAuthController - https://gitee.com/oauth/authorize?response_type=code&client_id=e6bdeef064190404c0af8e81ab330e45ea9adc49a161e3bf0cdbdb97a7ee001a&redirect_uri=http://127.0.0.1:8443/oauth/callback/gitee&state=6dcd1f4aeda02958f4b4783d8aa03614&scope=user_info%20projects%20pull_requests%20issues%20notes%20keys%20hook%20groups%20gists%20enterprises%20emails
2022-12-23 12:53:03 INFO  m.z.j.c.RedisConfig - 初始化 -> [Redis CacheErrorHandler]
2022-12-23 12:53:16 INFO  m.z.j.RestAuthController - 进入render：gitee
2022-12-23 12:53:16 INFO  m.z.j.RestAuthController - https://gitee.com/oauth/authorize?response_type=code&client_id=e6bdeef064190404c0af8e81ab330e45ea9adc49a161e3bf0cdbdb97a7ee001a&redirect_uri=http://127.0.0.1:8443/oauth/callback/gitee&state=a369713e20848da5db5e385fa4ad4dc1&scope=user_info%20projects%20pull_requests%20issues%20notes%20keys%20hook%20groups%20gists%20enterprises%20emails
2022-12-23 12:56:30 INFO  m.z.j.c.RedisConfig - 初始化 -> [Redis CacheErrorHandler]
2022-12-23 12:56:32 INFO  m.z.j.RestAuthController - 进入render：gitee
2022-12-23 12:56:33 INFO  m.z.j.RestAuthController - https://gitee.com/oauth/authorize?response_type=code&client_id=e6bdeef064190404c0af8e81ab330e45ea9adc49a161e3bf0cdbdb97a7ee001a&redirect_uri=http://127.0.0.1:8443/oauth/callback/gitee&state=78e8f1397b7ee026ecfe5a902fc15ce1&scope=user_info%20projects%20pull_requests%20issues%20notes%20keys%20hook%20groups%20gists%20enterprises%20emails
2022-12-23 12:56:35 INFO  m.z.j.RestAuthController - 进入callback：gitee callback params：{"code":"3e2285506c86d9bdee0948e7463ffeaae6e17cd968cabc6dea095ac58a114ee5","state":"78e8f1397b7ee026ecfe5a902fc15ce1"}
2022-12-23 12:56:36 INFO  m.z.j.RestAuthController - {"code":5000}
2022-12-23 12:58:03 INFO  m.z.j.RestAuthController - 进入callback：gitee callback params：{"code":"89199d768daa99966da2e963fa1becc4e8919f8933cf43aa1c0dd17cb1f1ba5b","state":"78e8f1397b7ee026ecfe5a902fc15ce1"}
2022-12-23 12:58:03 INFO  m.z.j.RestAuthController - {"code":5000}
2022-12-23 13:05:46 INFO  m.z.j.c.RedisConfig - 初始化 -> [Redis CacheErrorHandler]
2022-12-23 13:05:48 INFO  m.z.j.RestAuthController - 进入render：gitee
2022-12-23 13:05:49 INFO  m.z.j.RestAuthController - https://gitee.com/oauth/authorize?response_type=code&client_id=e6bdeef064190404c0af8e81ab330e45ea9adc49a161e3bf0cdbdb97a7ee001a&redirect_uri=http://127.0.0.1:8443/oauth/callback/gitee&state=7097dd1a755d6fb4871d8a5f36f6ed63&scope=user_info%20projects%20pull_requests%20issues%20notes%20keys%20hook%20groups%20gists%20enterprises%20emails
2022-12-23 13:05:50 INFO  m.z.j.RestAuthController - 进入callback：gitee callback params：{"code":"ddaa255193847a2bd19a020ad945ab3d81f99aa028995b38ab7f1ac05db78492","state":"7097dd1a755d6fb4871d8a5f36f6ed63"}
2022-12-23 13:05:51 INFO  m.z.j.RestAuthController - {"code":5000}
2022-12-23 13:08:21 INFO  m.z.j.c.RedisConfig - 初始化 -> [Redis CacheErrorHandler]
2022-12-23 13:08:33 INFO  m.z.j.RestAuthController - 进入render：gitee
2022-12-23 13:08:33 INFO  m.z.j.RestAuthController - https://gitee.com/oauth/authorize?response_type=code&client_id=e6bdeef064190404c0af8e81ab330e45ea9adc49a161e3bf0cdbdb97a7ee001a&redirect_uri=http://127.0.0.1:8443/oauth/callback/gitee&state=41a90903a2da3abcc29adfb44bc8eca2&scope=user_info%20projects%20pull_requests%20issues%20notes%20keys%20hook%20groups%20gists%20enterprises%20emails
2022-12-23 13:08:39 INFO  m.z.j.RestAuthController - 进入callback：gitee callback params：{"code":"5755cffd5db8d639cc975f376aa619caf013fca744964e2556b5e711feb0a5ca","state":"41a90903a2da3abcc29adfb44bc8eca2"}
2022-12-23 13:08:39 INFO  m.z.j.RestAuthController - {"code":5000}
2022-12-23 13:08:39 INFO  m.z.j.RestAuthController - false
2022-12-23 13:15:17 INFO  m.z.j.c.RedisConfig - 初始化 -> [Redis CacheErrorHandler]
2022-12-23 13:15:22 INFO  m.z.j.RestAuthController - 进入render：gitee
2022-12-23 13:15:22 INFO  m.z.j.RestAuthController - https://gitee.com/oauth/authorize?response_type=code&client_id=e6bdeef064190404c0af8e81ab330e45ea9adc49a161e3bf0cdbdb97a7ee001a&redirect_uri=http://127.0.0.1:8443/oauth/callback/gitee&state=f5d5c6fb4f9e9c386c8ef7f60fe0ccd7&scope=user_info%20projects%20pull_requests%20issues%20notes%20keys%20hook%20groups%20gists%20enterprises%20emails
2022-12-23 13:15:56 INFO  m.z.j.c.RedisConfig - 初始化 -> [Redis CacheErrorHandler]
2022-12-23 13:15:59 INFO  m.z.j.RestAuthController - 进入render：gitee
2022-12-23 13:15:59 INFO  m.z.j.RestAuthController - https://gitee.com/oauth/authorize?response_type=code&client_id=e6bdeef064190404c0af8e81ab330e45ea9adc49a161e3bf0cdbdb97a7ee001a&redirect_uri=http://127.0.0.1:8443/oauth/callback/gitee&state=85c60d0eaccf5579fe6cced9da38c762&scope=user_info%20projects%20pull_requests%20issues%20notes%20keys%20hook%20groups%20gists%20enterprises%20emails
2022-12-23 13:16:03 INFO  m.z.j.RestAuthController - 进入callback：gitee callback params：{"code":"445b8510601f92df7d0fe09cf0ff57bfec4878401009ac7d3b92cf2fe9f4e67a","state":"85c60d0eaccf5579fe6cced9da38c762"}
2022-12-23 13:16:03 INFO  m.z.j.RestAuthController - {"code":5000}
2022-12-23 13:16:03 INFO  m.z.j.RestAuthController - false
2022-12-23 13:31:54 INFO  m.z.j.c.RedisConfig - 初始化 -> [Redis CacheErrorHandler]
2022-12-23 13:31:56 INFO  m.z.j.RestAuthController - 进入render：gitee
2022-12-23 13:31:57 INFO  m.z.j.RestAuthController - https://gitee.com/oauth/authorize?response_type=code&client_id=e6bdeef064190404c0af8e81ab330e45ea9adc49a161e3bf0cdbdb97a7ee001a&redirect_uri=http://127.0.0.1:8443/oauth/callback/gitee&state=8377c3254fdc7db886e31e19577e40a8&scope=user_info%20projects%20pull_requests%20issues%20notes%20keys%20hook%20groups%20gists%20enterprises%20emails
2022-12-23 13:31:58 INFO  m.z.j.RestAuthController - 进入callback：gitee callback params：{"code":"172012471b578e0fe3b527d1760b698960c13db1bed94cbb13dc09a008df6b32","state":"8377c3254fdc7db886e31e19577e40a8"}
2022-12-23 13:31:59 INFO  m.z.j.RestAuthController - {"code":5000}
2022-12-23 13:31:59 INFO  m.z.j.RestAuthController - false
2022-12-23 13:33:40 INFO  m.z.j.RestAuthController - 进入callback：gitee callback params：{"code":"bb3479ae8e7101552d56c1b675ca305e3fca6f5dcb62731b259867b83092de53"}
2022-12-23 13:33:40 INFO  m.z.j.RestAuthController - {"code":5009,"msg":"Illegal state [GITEE]"}
2022-12-23 13:33:40 INFO  m.z.j.RestAuthController - false
2022-12-23 13:37:18 INFO  m.z.j.RestAuthController - 进入callback：gitee callback params：{"code":"698dea7da1f61b2d1756e720ff68c0c4f99f51ffc03f1242d7bda7067b5f6bfa"}
2022-12-23 13:37:18 INFO  m.z.j.RestAuthController - {"code":5009,"msg":"Illegal state [GITEE]"}
2022-12-23 13:37:18 INFO  m.z.j.RestAuthController - false
2022-12-23 13:38:24 INFO  m.z.j.c.RedisConfig - 初始化 -> [Redis CacheErrorHandler]
2022-12-23 13:38:36 INFO  m.z.j.RestAuthController - 进入render：gitee
2022-12-23 13:38:36 INFO  m.z.j.RestAuthController - https://gitee.com/oauth/authorize?response_type=code&client_id=e6bdeef064190404c0af8e81ab330e45ea9adc49a161e3bf0cdbdb97a7ee001a&redirect_uri=http://127.0.0.1:8443/oauth/callback/gitee&state=bc7a8bd6df35fedc68a0f69a9fa16742&scope=user_info%20projects%20pull_requests%20issues%20notes%20keys%20hook%20groups%20gists%20enterprises%20emails
2022-12-23 13:38:39 INFO  m.z.j.RestAuthController - 进入callback：gitee callback params：{"code":"5ec154f0479770ef81c4e0315da6981c64f86a63c79a5b9c9b60e435c15256fb","state":"bc7a8bd6df35fedc68a0f69a9fa16742"}
2022-12-23 13:38:39 INFO  m.z.j.RestAuthController - {"code":5000}
2022-12-23 13:38:39 INFO  m.z.j.RestAuthController - false
2022-12-23 13:50:48 INFO  m.z.j.c.RedisConfig - 初始化 -> [Redis CacheErrorHandler]
2022-12-23 13:57:22 INFO  m.z.j.c.RedisConfig - 初始化 -> [Redis CacheErrorHandler]
2022-12-23 13:57:36 INFO  m.z.j.RestAuthController - 进入render：gitee
2022-12-23 13:57:37 INFO  m.z.j.RestAuthController - https://gitee.com/oauth/authorize?response_type=code&client_id=e6bdeef064190404c0af8e81ab330e45ea9adc49a161e3bf0cdbdb97a7ee001a&redirect_uri=http://127.0.0.1:8443/oauth/callback/gitee&state=ca313060ab46ff20d14cdb875f22fa38&scope=user_info%20projects%20pull_requests%20issues%20notes%20keys%20hook%20groups%20gists%20enterprises%20emails
2022-12-23 13:57:38 INFO  m.z.j.RestAuthController - 进入callback：gitee callback params：{"code":"77b154d1246eccbeb15f7284354d9bdb8fdaec7cd2ef4b12b9727fddcf523c76","state":"ca313060ab46ff20d14cdb875f22fa38"}
2022-12-23 13:57:39 INFO  m.z.j.RestAuthController - {"code":2000,"data":{"avatar":"https://gitee.com/assets/no_portrait.png","gender":"UNKNOWN","nickname":"yuanjiejiahui","rawUserInfo":{"gists_url":"https://gitee.com/api/v5/users/WangJiaHui202144/gists{/gist_id}","repos_url":"https://gitee.com/api/v5/users/WangJiaHui202144/repos","following_url":"https://gitee.com/api/v5/users/WangJiaHui202144/following_url{/other_user}","bio":"","created_at":"2021-04-04T14:32:50+08:00","remark":"","login":"WangJiaHui202144","type":"User","subscriptions_url":"https://gitee.com/api/v5/users/WangJiaHui202144/subscriptions","updated_at":"2022-12-23T13:16:00+08:00","id":8920620,"public_repos":1,"organizations_url":"https://gitee.com/api/v5/users/WangJiaHui202144/orgs","starred_url":"https://gitee.com/api/v5/users/WangJiaHui202144/starred{/owner}{/repo}","followers_url":"https://gitee.com/api/v5/users/WangJiaHui202144/followers","public_gists":0,"url":"https://gitee.com/api/v5/users/WangJiaHui202144","received_events_url":"https://gitee.com/api/v5/users/WangJiaHui202144/received_events","watched":8,"followers":2,"avatar_url":"https://gitee.com/assets/no_portrait.png","events_url":"https://gitee.com/api/v5/users/WangJiaHui202144/events{/privacy}","html_url":"https://gitee.com/WangJiaHui202144","following":0,"name":"yuanjiejiahui","stared":1},"remark":"","source":"GITEE","token":{"accessToken":"af8be9ea662c80e4ba6011b5ac3e3bf0","expireIn":86400,"refreshToken":"82b0485d1c51cb464f03cc506d1bdfa0198b9d1ce6be85a07fa9dca6111a6a07","refreshTokenExpireIn":0,"scope":"user_info projects pull_requests issues notes keys hook groups gists enterprises emails","tokenType":"bearer"},"username":"WangJiaHui202144","uuid":"8920620"}}
2022-12-23 13:57:39 INFO  m.z.j.RestAuthController - true
2022-12-23 13:58:07 INFO  m.z.j.RestAuthController - 进入callback：gitee callback params：{"code":"8d4f539bb504d5ca52e236b23534a3d33039db733179874194f1411ea4495abc","state":"ca313060ab46ff20d14cdb875f22fa38"}
2022-12-23 13:58:07 INFO  m.z.j.RestAuthController - {"code":2000,"data":{"avatar":"https://gitee.com/assets/no_portrait.png","gender":"UNKNOWN","nickname":"yuanjiejiahui","rawUserInfo":{"gists_url":"https://gitee.com/api/v5/users/WangJiaHui202144/gists{/gist_id}","repos_url":"https://gitee.com/api/v5/users/WangJiaHui202144/repos","following_url":"https://gitee.com/api/v5/users/WangJiaHui202144/following_url{/other_user}","bio":"","created_at":"2021-04-04T14:32:50+08:00","remark":"","login":"WangJiaHui202144","type":"User","subscriptions_url":"https://gitee.com/api/v5/users/WangJiaHui202144/subscriptions","updated_at":"2022-12-23T13:16:00+08:00","id":8920620,"public_repos":1,"organizations_url":"https://gitee.com/api/v5/users/WangJiaHui202144/orgs","starred_url":"https://gitee.com/api/v5/users/WangJiaHui202144/starred{/owner}{/repo}","followers_url":"https://gitee.com/api/v5/users/WangJiaHui202144/followers","public_gists":0,"url":"https://gitee.com/api/v5/users/WangJiaHui202144","received_events_url":"https://gitee.com/api/v5/users/WangJiaHui202144/received_events","watched":8,"followers":2,"avatar_url":"https://gitee.com/assets/no_portrait.png","events_url":"https://gitee.com/api/v5/users/WangJiaHui202144/events{/privacy}","html_url":"https://gitee.com/WangJiaHui202144","following":0,"name":"yuanjiejiahui","stared":1},"remark":"","source":"GITEE","token":{"accessToken":"f1c42db9068e58d14bd535ba651b9270","expireIn":86400,"refreshToken":"85d1cdcdecf52c62dca40707c4ae4f93e8df24b29fb3d50e31a70a08a1ea4b45","refreshTokenExpireIn":0,"scope":"user_info projects pull_requests issues notes keys hook groups gists enterprises emails","tokenType":"bearer"},"username":"WangJiaHui202144","uuid":"8920620"}}
2022-12-23 13:58:07 INFO  m.z.j.RestAuthController - true
2022-12-23 14:02:47 INFO  m.z.j.c.RedisConfig - 初始化 -> [Redis CacheErrorHandler]
2022-12-23 14:02:50 INFO  m.z.j.RestAuthController - 进入render：gitee
2022-12-23 14:02:50 INFO  m.z.j.RestAuthController - https://gitee.com/oauth/authorize?response_type=code&client_id=e6bdeef064190404c0af8e81ab330e45ea9adc49a161e3bf0cdbdb97a7ee001a&redirect_uri=http://127.0.0.1:8443/oauth/callback/gitee&state=978262c2a8a62d031b95ccba3f8ce208&scope=user_info%20projects%20pull_requests%20issues%20notes%20keys%20hook%20groups%20gists%20enterprises%20emails
2022-12-23 14:02:51 INFO  m.z.j.RestAuthController - 进入callback：gitee callback params：{"code":"810913651ca08cc90e35d973c1f8c008e6913919293ab1c3b503eb41eaf5068b","state":"978262c2a8a62d031b95ccba3f8ce208"}
2022-12-23 14:02:51 INFO  m.z.j.RestAuthController - {"code":2000,"data":{"avatar":"https://gitee.com/assets/no_portrait.png","gender":"UNKNOWN","nickname":"yuanjiejiahui","rawUserInfo":{"gists_url":"https://gitee.com/api/v5/users/WangJiaHui202144/gists{/gist_id}","repos_url":"https://gitee.com/api/v5/users/WangJiaHui202144/repos","following_url":"https://gitee.com/api/v5/users/WangJiaHui202144/following_url{/other_user}","bio":"","created_at":"2021-04-04T14:32:50+08:00","remark":"","login":"WangJiaHui202144","type":"User","subscriptions_url":"https://gitee.com/api/v5/users/WangJiaHui202144/subscriptions","updated_at":"2022-12-23T13:16:00+08:00","id":8920620,"public_repos":1,"organizations_url":"https://gitee.com/api/v5/users/WangJiaHui202144/orgs","starred_url":"https://gitee.com/api/v5/users/WangJiaHui202144/starred{/owner}{/repo}","followers_url":"https://gitee.com/api/v5/users/WangJiaHui202144/followers","public_gists":0,"url":"https://gitee.com/api/v5/users/WangJiaHui202144","received_events_url":"https://gitee.com/api/v5/users/WangJiaHui202144/received_events","watched":8,"followers":2,"avatar_url":"https://gitee.com/assets/no_portrait.png","events_url":"https://gitee.com/api/v5/users/WangJiaHui202144/events{/privacy}","html_url":"https://gitee.com/WangJiaHui202144","following":0,"name":"yuanjiejiahui","stared":1},"remark":"","source":"GITEE","token":{"accessToken":"58ea39fc6eafd740c07e76f788af5ad2","expireIn":86400,"refreshToken":"c50a0794820892a23837f55f3c7d675ae9e876c5716f816f7c1e935599e02438","refreshTokenExpireIn":0,"scope":"user_info projects pull_requests issues notes keys hook groups gists enterprises emails","tokenType":"bearer"},"username":"WangJiaHui202144","uuid":"8920620"}}
2022-12-23 14:02:51 INFO  m.z.j.RestAuthController - true
2022-12-23 14:02:53 INFO  m.z.j.RestAuthController - 进入render：gitee
2022-12-23 14:02:53 INFO  m.z.j.RestAuthController - https://gitee.com/oauth/authorize?response_type=code&client_id=e6bdeef064190404c0af8e81ab330e45ea9adc49a161e3bf0cdbdb97a7ee001a&redirect_uri=http://127.0.0.1:8443/oauth/callback/gitee&state=75d8fcd624d706196d5042f29bd95aad&scope=user_info%20projects%20pull_requests%20issues%20notes%20keys%20hook%20groups%20gists%20enterprises%20emails
2022-12-23 14:02:53 INFO  m.z.j.RestAuthController - 进入callback：gitee callback params：{"code":"2a2235bb578fe95bd324f4d88dba79e0c7536ddd39536b8156a2fac3154482b0","state":"75d8fcd624d706196d5042f29bd95aad"}
2022-12-23 14:02:53 INFO  m.z.j.RestAuthController - {"code":2000,"data":{"avatar":"https://gitee.com/assets/no_portrait.png","gender":"UNKNOWN","nickname":"yuanjiejiahui","rawUserInfo":{"gists_url":"https://gitee.com/api/v5/users/WangJiaHui202144/gists{/gist_id}","repos_url":"https://gitee.com/api/v5/users/WangJiaHui202144/repos","following_url":"https://gitee.com/api/v5/users/WangJiaHui202144/following_url{/other_user}","bio":"","created_at":"2021-04-04T14:32:50+08:00","remark":"","login":"WangJiaHui202144","type":"User","subscriptions_url":"https://gitee.com/api/v5/users/WangJiaHui202144/subscriptions","updated_at":"2022-12-23T13:16:00+08:00","id":8920620,"public_repos":1,"organizations_url":"https://gitee.com/api/v5/users/WangJiaHui202144/orgs","starred_url":"https://gitee.com/api/v5/users/WangJiaHui202144/starred{/owner}{/repo}","followers_url":"https://gitee.com/api/v5/users/WangJiaHui202144/followers","public_gists":0,"url":"https://gitee.com/api/v5/users/WangJiaHui202144","received_events_url":"https://gitee.com/api/v5/users/WangJiaHui202144/received_events","watched":8,"followers":2,"avatar_url":"https://gitee.com/assets/no_portrait.png","events_url":"https://gitee.com/api/v5/users/WangJiaHui202144/events{/privacy}","html_url":"https://gitee.com/WangJiaHui202144","following":0,"name":"yuanjiejiahui","stared":1},"remark":"","source":"GITEE","token":{"accessToken":"919113a42d971bb2aa90205fb4cde278","expireIn":86400,"refreshToken":"ed05c8b027865e9901e18f81c937cb3f6de83988c509f257143538094bb4bd01","refreshTokenExpireIn":0,"scope":"user_info projects pull_requests issues notes keys hook groups gists enterprises emails","tokenType":"bearer"},"username":"WangJiaHui202144","uuid":"8920620"}}
2022-12-23 14:02:53 INFO  m.z.j.RestAuthController - true
2022-12-23 14:02:57 INFO  m.z.j.RestAuthController - 进入render：gitee
2022-12-23 14:02:57 INFO  m.z.j.RestAuthController - https://gitee.com/oauth/authorize?response_type=code&client_id=e6bdeef064190404c0af8e81ab330e45ea9adc49a161e3bf0cdbdb97a7ee001a&redirect_uri=http://127.0.0.1:8443/oauth/callback/gitee&state=7341da383b6855ca9b1b68b11475d95a&scope=user_info%20projects%20pull_requests%20issues%20notes%20keys%20hook%20groups%20gists%20enterprises%20emails
2022-12-23 14:02:57 INFO  m.z.j.RestAuthController - 进入callback：gitee callback params：{"code":"b34a49027ccac83d498cb2606d82fbd21486bfa088d5404407e483961450f537","state":"7341da383b6855ca9b1b68b11475d95a"}
2022-12-23 14:02:58 INFO  m.z.j.RestAuthController - {"code":2000,"data":{"avatar":"https://gitee.com/assets/no_portrait.png","gender":"UNKNOWN","nickname":"yuanjiejiahui","rawUserInfo":{"gists_url":"https://gitee.com/api/v5/users/WangJiaHui202144/gists{/gist_id}","repos_url":"https://gitee.com/api/v5/users/WangJiaHui202144/repos","following_url":"https://gitee.com/api/v5/users/WangJiaHui202144/following_url{/other_user}","bio":"","created_at":"2021-04-04T14:32:50+08:00","remark":"","login":"WangJiaHui202144","type":"User","subscriptions_url":"https://gitee.com/api/v5/users/WangJiaHui202144/subscriptions","updated_at":"2022-12-23T13:16:00+08:00","id":8920620,"public_repos":1,"organizations_url":"https://gitee.com/api/v5/users/WangJiaHui202144/orgs","starred_url":"https://gitee.com/api/v5/users/WangJiaHui202144/starred{/owner}{/repo}","followers_url":"https://gitee.com/api/v5/users/WangJiaHui202144/followers","public_gists":0,"url":"https://gitee.com/api/v5/users/WangJiaHui202144","received_events_url":"https://gitee.com/api/v5/users/WangJiaHui202144/received_events","watched":8,"followers":2,"avatar_url":"https://gitee.com/assets/no_portrait.png","events_url":"https://gitee.com/api/v5/users/WangJiaHui202144/events{/privacy}","html_url":"https://gitee.com/WangJiaHui202144","following":0,"name":"yuanjiejiahui","stared":1},"remark":"","source":"GITEE","token":{"accessToken":"ec857da221005496a2f9d538b224a480","expireIn":86400,"refreshToken":"8a5ac12d1b4640df49a2ffc1cb75cc50461500e301d6add7a0d15b393499da3c","refreshTokenExpireIn":0,"scope":"user_info projects pull_requests issues notes keys hook groups gists enterprises emails","tokenType":"bearer"},"username":"WangJiaHui202144","uuid":"8920620"}}
2022-12-23 14:02:58 INFO  m.z.j.RestAuthController - true
2022-12-23 14:03:05 INFO  m.z.j.RestAuthController - 进入render：gitee
2022-12-23 14:03:05 INFO  m.z.j.RestAuthController - https://gitee.com/oauth/authorize?response_type=code&client_id=e6bdeef064190404c0af8e81ab330e45ea9adc49a161e3bf0cdbdb97a7ee001a&redirect_uri=http://127.0.0.1:8443/oauth/callback/gitee&state=2646f066eb5fb509c9addad985cd859f&scope=user_info%20projects%20pull_requests%20issues%20notes%20keys%20hook%20groups%20gists%20enterprises%20emails
2022-12-23 14:03:07 INFO  m.z.j.RestAuthController - 进入callback：gitee callback params：{"code":"0a0a801e92e3c88952d1aa54b98c68163a69ce5b5b4c78f79501da597fdd7d2e","state":"2646f066eb5fb509c9addad985cd859f"}
2022-12-23 14:03:08 INFO  m.z.j.RestAuthController - {"code":2000,"data":{"avatar":"https://gitee.com/assets/no_portrait.png","gender":"UNKNOWN","nickname":"yuanjiejiahui","rawUserInfo":{"gists_url":"https://gitee.com/api/v5/users/WangJiaHui202144/gists{/gist_id}","repos_url":"https://gitee.com/api/v5/users/WangJiaHui202144/repos","following_url":"https://gitee.com/api/v5/users/WangJiaHui202144/following_url{/other_user}","bio":"","created_at":"2021-04-04T14:32:50+08:00","remark":"","login":"WangJiaHui202144","type":"User","subscriptions_url":"https://gitee.com/api/v5/users/WangJiaHui202144/subscriptions","updated_at":"2022-12-23T14:03:06+08:00","id":8920620,"public_repos":1,"organizations_url":"https://gitee.com/api/v5/users/WangJiaHui202144/orgs","starred_url":"https://gitee.com/api/v5/users/WangJiaHui202144/starred{/owner}{/repo}","followers_url":"https://gitee.com/api/v5/users/WangJiaHui202144/followers","public_gists":0,"url":"https://gitee.com/api/v5/users/WangJiaHui202144","received_events_url":"https://gitee.com/api/v5/users/WangJiaHui202144/received_events","watched":8,"followers":2,"avatar_url":"https://gitee.com/assets/no_portrait.png","events_url":"https://gitee.com/api/v5/users/WangJiaHui202144/events{/privacy}","html_url":"https://gitee.com/WangJiaHui202144","following":0,"name":"yuanjiejiahui","stared":1},"remark":"","source":"GITEE","token":{"accessToken":"b2ee12e9f4fe9f669e84fabe0a1052c1","expireIn":86400,"refreshToken":"4cd0052a7a0fae96630e281d392142c573388825674ba90dc3bdc5f320b40c00","refreshTokenExpireIn":0,"scope":"user_info projects pull_requests issues notes keys hook groups gists enterprises emails","tokenType":"bearer"},"username":"WangJiaHui202144","uuid":"8920620"}}
2022-12-23 14:03:08 INFO  m.z.j.RestAuthController - true
2022-12-23 14:03:16 INFO  m.z.j.RestAuthController - 进入render：gitee
2022-12-23 14:03:16 INFO  m.z.j.RestAuthController - https://gitee.com/oauth/authorize?response_type=code&client_id=e6bdeef064190404c0af8e81ab330e45ea9adc49a161e3bf0cdbdb97a7ee001a&redirect_uri=http://127.0.0.1:8443/oauth/callback/gitee&state=ed6b9b3b98a94768f931ec8e4e3761cd&scope=user_info%20projects%20pull_requests%20issues%20notes%20keys%20hook%20groups%20gists%20enterprises%20emails
2022-12-23 14:03:16 INFO  m.z.j.RestAuthController - 进入callback：gitee callback params：{"code":"c49f1b9125031e67d41650f31f7b9622d0b5b2adb176f10e71256324649f82cc","state":"ed6b9b3b98a94768f931ec8e4e3761cd"}
2022-12-23 14:03:16 INFO  m.z.j.RestAuthController - {"code":2000,"data":{"avatar":"https://gitee.com/assets/no_portrait.png","gender":"UNKNOWN","nickname":"yuanjiejiahui","rawUserInfo":{"gists_url":"https://gitee.com/api/v5/users/WangJiaHui202144/gists{/gist_id}","repos_url":"https://gitee.com/api/v5/users/WangJiaHui202144/repos","following_url":"https://gitee.com/api/v5/users/WangJiaHui202144/following_url{/other_user}","bio":"","created_at":"2021-04-04T14:32:50+08:00","remark":"","login":"WangJiaHui202144","type":"User","subscriptions_url":"https://gitee.com/api/v5/users/WangJiaHui202144/subscriptions","updated_at":"2022-12-23T14:03:06+08:00","id":8920620,"public_repos":1,"organizations_url":"https://gitee.com/api/v5/users/WangJiaHui202144/orgs","starred_url":"https://gitee.com/api/v5/users/WangJiaHui202144/starred{/owner}{/repo}","followers_url":"https://gitee.com/api/v5/users/WangJiaHui202144/followers","public_gists":0,"url":"https://gitee.com/api/v5/users/WangJiaHui202144","received_events_url":"https://gitee.com/api/v5/users/WangJiaHui202144/received_events","watched":8,"followers":2,"avatar_url":"https://gitee.com/assets/no_portrait.png","events_url":"https://gitee.com/api/v5/users/WangJiaHui202144/events{/privacy}","html_url":"https://gitee.com/WangJiaHui202144","following":0,"name":"yuanjiejiahui","stared":1},"remark":"","source":"GITEE","token":{"accessToken":"9f9551931ddd677e206b315c097c732f","expireIn":86400,"refreshToken":"01ce336e1147bc77ed739b4bc284c78087c529cfbbfab2562dae62ea87dadf6a","refreshTokenExpireIn":0,"scope":"user_info projects pull_requests issues notes keys hook groups gists enterprises emails","tokenType":"bearer"},"username":"WangJiaHui202144","uuid":"8920620"}}
2022-12-23 14:03:16 INFO  m.z.j.RestAuthController - true
2022-12-23 14:03:41 INFO  m.z.j.RestAuthController - 进入render：gitee
2022-12-23 14:03:41 INFO  m.z.j.RestAuthController - https://gitee.com/oauth/authorize?response_type=code&client_id=e6bdeef064190404c0af8e81ab330e45ea9adc49a161e3bf0cdbdb97a7ee001a&redirect_uri=http://127.0.0.1:8443/oauth/callback/gitee&state=1e155f24515b981885988f880c6fb1b3&scope=user_info%20projects%20pull_requests%20issues%20notes%20keys%20hook%20groups%20gists%20enterprises%20emails
2022-12-23 14:03:45 INFO  m.z.j.RestAuthController - 进入callback：gitee callback params：{"code":"32fdf40aa277bdd1ac6c1ca8fd6631f15cf9589e4a33925f7c02405d426d3257","state":"1e155f24515b981885988f880c6fb1b3"}
2022-12-23 14:03:45 INFO  m.z.j.RestAuthController - {"code":2000,"data":{"avatar":"https://gitee.com/assets/no_portrait.png","gender":"UNKNOWN","nickname":"yuanjiejiahui","rawUserInfo":{"gists_url":"https://gitee.com/api/v5/users/WangJiaHui202144/gists{/gist_id}","repos_url":"https://gitee.com/api/v5/users/WangJiaHui202144/repos","following_url":"https://gitee.com/api/v5/users/WangJiaHui202144/following_url{/other_user}","bio":"","created_at":"2021-04-04T14:32:50+08:00","remark":"","login":"WangJiaHui202144","type":"User","subscriptions_url":"https://gitee.com/api/v5/users/WangJiaHui202144/subscriptions","updated_at":"2022-12-23T14:03:44+08:00","id":8920620,"public_repos":1,"organizations_url":"https://gitee.com/api/v5/users/WangJiaHui202144/orgs","starred_url":"https://gitee.com/api/v5/users/WangJiaHui202144/starred{/owner}{/repo}","followers_url":"https://gitee.com/api/v5/users/WangJiaHui202144/followers","public_gists":0,"url":"https://gitee.com/api/v5/users/WangJiaHui202144","received_events_url":"https://gitee.com/api/v5/users/WangJiaHui202144/received_events","watched":8,"followers":2,"avatar_url":"https://gitee.com/assets/no_portrait.png","events_url":"https://gitee.com/api/v5/users/WangJiaHui202144/events{/privacy}","html_url":"https://gitee.com/WangJiaHui202144","following":0,"name":"yuanjiejiahui","stared":1},"remark":"","source":"GITEE","token":{"accessToken":"829976a481f82817a8d8ac84a5500ed5","expireIn":86400,"refreshToken":"c18ca12403fc6a4041d1f23f110ddb3d4fa533d7a22b43de3543c3d6a18bc2f2","refreshTokenExpireIn":0,"scope":"user_info projects pull_requests issues notes keys hook groups gists enterprises emails","tokenType":"bearer"},"username":"WangJiaHui202144","uuid":"8920620"}}
2022-12-23 14:03:45 INFO  m.z.j.RestAuthController - true
2022-12-23 14:13:33 INFO  m.z.j.c.RedisConfig - 初始化 -> [Redis CacheErrorHandler]
2022-12-23 14:14:12 INFO  m.z.j.c.RedisConfig - 初始化 -> [Redis CacheErrorHandler]
2022-12-23 14:14:29 INFO  m.z.j.c.RedisConfig - 初始化 -> [Redis CacheErrorHandler]
2022-12-23 14:14:39 INFO  m.z.j.RestAuthController - 进入render：gitee
2022-12-23 14:14:39 INFO  m.z.j.RestAuthController - https://gitee.com/oauth/authorize?response_type=code&client_id=e6bdeef064190404c0af8e81ab330e45ea9adc49a161e3bf0cdbdb97a7ee001a&redirect_uri=http://127.0.0.1:8443/oauth/callback/gitee&state=3186a85e892363872e19f76604c54d25&scope=user_info%20projects%20pull_requests%20issues%20notes%20keys%20hook%20groups%20gists%20enterprises%20emails
2022-12-23 14:14:49 INFO  m.z.j.RestAuthController - 进入callback：gitee callback params：{"code":"033ab1ea26a88f995cc118adfba09ea4d5224089e6a71abf732fff91824a31cf","state":"3186a85e892363872e19f76604c54d25"}
2022-12-23 14:14:50 INFO  m.z.j.RestAuthController - {"code":2000,"data":{"avatar":"https://gitee.com/assets/no_portrait.png","gender":"UNKNOWN","nickname":"yuanjiejiahui","rawUserInfo":{"gists_url":"https://gitee.com/api/v5/users/WangJiaHui202144/gists{/gist_id}","repos_url":"https://gitee.com/api/v5/users/WangJiaHui202144/repos","following_url":"https://gitee.com/api/v5/users/WangJiaHui202144/following_url{/other_user}","bio":"","created_at":"2021-04-04T14:32:50+08:00","remark":"","login":"WangJiaHui202144","type":"User","subscriptions_url":"https://gitee.com/api/v5/users/WangJiaHui202144/subscriptions","updated_at":"2022-12-23T14:14:48+08:00","id":8920620,"public_repos":1,"organizations_url":"https://gitee.com/api/v5/users/WangJiaHui202144/orgs","starred_url":"https://gitee.com/api/v5/users/WangJiaHui202144/starred{/owner}{/repo}","followers_url":"https://gitee.com/api/v5/users/WangJiaHui202144/followers","public_gists":0,"url":"https://gitee.com/api/v5/users/WangJiaHui202144","received_events_url":"https://gitee.com/api/v5/users/WangJiaHui202144/received_events","watched":8,"followers":2,"avatar_url":"https://gitee.com/assets/no_portrait.png","events_url":"https://gitee.com/api/v5/users/WangJiaHui202144/events{/privacy}","html_url":"https://gitee.com/WangJiaHui202144","following":0,"name":"yuanjiejiahui","stared":1},"remark":"","source":"GITEE","token":{"accessToken":"53eda30294e302e78dba5a03e526772d","expireIn":86400,"refreshToken":"28966fdc3792c56b899e9cb9a3c294a5710bdec142a9eb1b08efe2073412342a","refreshTokenExpireIn":0,"scope":"user_info projects pull_requests issues notes keys hook groups gists enterprises emails","tokenType":"bearer"},"username":"WangJiaHui202144","uuid":"8920620"}}
2022-12-23 14:14:50 INFO  m.z.j.RestAuthController - true
2022-12-23 14:18:37 INFO  m.z.j.c.RedisConfig - 初始化 -> [Redis CacheErrorHandler]
2022-12-23 14:18:39 INFO  m.z.j.RestAuthController - 进入render：gitee
2022-12-23 14:18:40 INFO  m.z.j.RestAuthController - https://gitee.com/oauth/authorize?response_type=code&client_id=e6bdeef064190404c0af8e81ab330e45ea9adc49a161e3bf0cdbdb97a7ee001a&redirect_uri=http://127.0.0.1:8443/oauth/callback/gitee&state=27555557bcb65986f649ca6c2963877d&scope=user_info%20projects%20pull_requests%20issues%20notes%20keys%20hook%20groups%20gists%20enterprises%20emails
2022-12-23 14:18:40 INFO  m.z.j.RestAuthController - 进入callback：gitee callback params：{"code":"6cc5db09e682f001b04b76dc12b028fd622edfdcd0f218a6398f405877064799","state":"27555557bcb65986f649ca6c2963877d"}
2022-12-23 14:18:40 INFO  m.z.j.RestAuthController - {"code":2000,"data":{"avatar":"https://gitee.com/assets/no_portrait.png","gender":"UNKNOWN","nickname":"yuanjiejiahui","rawUserInfo":{"gists_url":"https://gitee.com/api/v5/users/WangJiaHui202144/gists{/gist_id}","repos_url":"https://gitee.com/api/v5/users/WangJiaHui202144/repos","following_url":"https://gitee.com/api/v5/users/WangJiaHui202144/following_url{/other_user}","bio":"","created_at":"2021-04-04T14:32:50+08:00","remark":"","login":"WangJiaHui202144","type":"User","subscriptions_url":"https://gitee.com/api/v5/users/WangJiaHui202144/subscriptions","updated_at":"2022-12-23T14:14:48+08:00","id":8920620,"public_repos":1,"organizations_url":"https://gitee.com/api/v5/users/WangJiaHui202144/orgs","starred_url":"https://gitee.com/api/v5/users/WangJiaHui202144/starred{/owner}{/repo}","followers_url":"https://gitee.com/api/v5/users/WangJiaHui202144/followers","public_gists":0,"url":"https://gitee.com/api/v5/users/WangJiaHui202144","received_events_url":"https://gitee.com/api/v5/users/WangJiaHui202144/received_events","watched":8,"followers":2,"avatar_url":"https://gitee.com/assets/no_portrait.png","events_url":"https://gitee.com/api/v5/users/WangJiaHui202144/events{/privacy}","html_url":"https://gitee.com/WangJiaHui202144","following":0,"name":"yuanjiejiahui","stared":1},"remark":"","source":"GITEE","token":{"accessToken":"fd6bdc1e4e2816afec87b33269e17a5f","expireIn":86400,"refreshToken":"49fbeefc6ff1d4565f344bc687243842f35fe17f2105490b552517c8e9950625","refreshTokenExpireIn":0,"scope":"user_info projects pull_requests issues notes keys hook groups gists enterprises emails","tokenType":"bearer"},"username":"WangJiaHui202144","uuid":"8920620"}}
2022-12-23 14:18:40 INFO  m.z.j.RestAuthController - true
2022-12-23 14:18:58 INFO  m.z.j.RestAuthController - 进入render：gitee
2022-12-23 14:18:58 INFO  m.z.j.RestAuthController - https://gitee.com/oauth/authorize?response_type=code&client_id=e6bdeef064190404c0af8e81ab330e45ea9adc49a161e3bf0cdbdb97a7ee001a&redirect_uri=http://127.0.0.1:8443/oauth/callback/gitee&state=21f99dc6518405316bd85be6a59ec476&scope=user_info%20projects%20pull_requests%20issues%20notes%20keys%20hook%20groups%20gists%20enterprises%20emails
2022-12-23 14:18:58 INFO  m.z.j.RestAuthController - 进入callback：gitee callback params：{"code":"cc13c57e3a63e963641502bcf1baec4fc5b42563d11088cbdb5bc70d4228cdd7","state":"21f99dc6518405316bd85be6a59ec476"}
2022-12-23 14:18:58 INFO  m.z.j.RestAuthController - 进入render：gitee
2022-12-23 14:18:58 INFO  m.z.j.RestAuthController - https://gitee.com/oauth/authorize?response_type=code&client_id=e6bdeef064190404c0af8e81ab330e45ea9adc49a161e3bf0cdbdb97a7ee001a&redirect_uri=http://127.0.0.1:8443/oauth/callback/gitee&state=b0309962bfc024ceb04dfa852e9e24df&scope=user_info%20projects%20pull_requests%20issues%20notes%20keys%20hook%20groups%20gists%20enterprises%20emails
2022-12-23 14:18:59 INFO  m.z.j.RestAuthController - 进入callback：gitee callback params：{"code":"0ed8c77bbc478c36fe7070b388b7084c93fede16160329d7e425c36ab76428e5","state":"b0309962bfc024ceb04dfa852e9e24df"}
2022-12-23 14:18:59 INFO  m.z.j.RestAuthController - {"code":2000,"data":{"avatar":"https://gitee.com/assets/no_portrait.png","gender":"UNKNOWN","nickname":"yuanjiejiahui","rawUserInfo":{"gists_url":"https://gitee.com/api/v5/users/WangJiaHui202144/gists{/gist_id}","repos_url":"https://gitee.com/api/v5/users/WangJiaHui202144/repos","following_url":"https://gitee.com/api/v5/users/WangJiaHui202144/following_url{/other_user}","bio":"","created_at":"2021-04-04T14:32:50+08:00","remark":"","login":"WangJiaHui202144","type":"User","subscriptions_url":"https://gitee.com/api/v5/users/WangJiaHui202144/subscriptions","updated_at":"2022-12-23T14:14:48+08:00","id":8920620,"public_repos":1,"organizations_url":"https://gitee.com/api/v5/users/WangJiaHui202144/orgs","starred_url":"https://gitee.com/api/v5/users/WangJiaHui202144/starred{/owner}{/repo}","followers_url":"https://gitee.com/api/v5/users/WangJiaHui202144/followers","public_gists":0,"url":"https://gitee.com/api/v5/users/WangJiaHui202144","received_events_url":"https://gitee.com/api/v5/users/WangJiaHui202144/received_events","watched":8,"followers":2,"avatar_url":"https://gitee.com/assets/no_portrait.png","events_url":"https://gitee.com/api/v5/users/WangJiaHui202144/events{/privacy}","html_url":"https://gitee.com/WangJiaHui202144","following":0,"name":"yuanjiejiahui","stared":1},"remark":"","source":"GITEE","token":{"accessToken":"09a8b4c636b020446bc4abeafbbc4a5b","expireIn":86400,"refreshToken":"c46be13440a544ee13a1a1a7b86239ecc2d45df62e248b1fdb4023863af61ac3","refreshTokenExpireIn":0,"scope":"user_info projects pull_requests issues notes keys hook groups gists enterprises emails","tokenType":"bearer"},"username":"WangJiaHui202144","uuid":"8920620"}}
2022-12-23 14:18:59 INFO  m.z.j.RestAuthController - true
2022-12-23 14:18:59 INFO  m.z.j.RestAuthController - {"code":2000,"data":{"avatar":"https://gitee.com/assets/no_portrait.png","gender":"UNKNOWN","nickname":"yuanjiejiahui","rawUserInfo":{"gists_url":"https://gitee.com/api/v5/users/WangJiaHui202144/gists{/gist_id}","repos_url":"https://gitee.com/api/v5/users/WangJiaHui202144/repos","following_url":"https://gitee.com/api/v5/users/WangJiaHui202144/following_url{/other_user}","bio":"","created_at":"2021-04-04T14:32:50+08:00","remark":"","login":"WangJiaHui202144","type":"User","subscriptions_url":"https://gitee.com/api/v5/users/WangJiaHui202144/subscriptions","updated_at":"2022-12-23T14:14:48+08:00","id":8920620,"public_repos":1,"organizations_url":"https://gitee.com/api/v5/users/WangJiaHui202144/orgs","starred_url":"https://gitee.com/api/v5/users/WangJiaHui202144/starred{/owner}{/repo}","followers_url":"https://gitee.com/api/v5/users/WangJiaHui202144/followers","public_gists":0,"url":"https://gitee.com/api/v5/users/WangJiaHui202144","received_events_url":"https://gitee.com/api/v5/users/WangJiaHui202144/received_events","watched":8,"followers":2,"avatar_url":"https://gitee.com/assets/no_portrait.png","events_url":"https://gitee.com/api/v5/users/WangJiaHui202144/events{/privacy}","html_url":"https://gitee.com/WangJiaHui202144","following":0,"name":"yuanjiejiahui","stared":1},"remark":"","source":"GITEE","token":{"accessToken":"f9194c9009a29d3b31cc278d6f6f094d","expireIn":86400,"refreshToken":"4c6318e5ece8e76f7cb6f585e5ccd37269c93ec0a36d014fc81f4f33a8f05c5a","refreshTokenExpireIn":0,"scope":"user_info projects pull_requests issues notes keys hook groups gists enterprises emails","tokenType":"bearer"},"username":"WangJiaHui202144","uuid":"8920620"}}
2022-12-23 14:18:59 INFO  m.z.j.RestAuthController - true
2022-12-23 14:19:11 INFO  m.z.j.RestAuthController - 进入render：gitee
2022-12-23 14:19:11 INFO  m.z.j.RestAuthController - https://gitee.com/oauth/authorize?response_type=code&client_id=e6bdeef064190404c0af8e81ab330e45ea9adc49a161e3bf0cdbdb97a7ee001a&redirect_uri=http://127.0.0.1:8443/oauth/callback/gitee&state=6786329815a0d806b5399cf6ee50f0c0&scope=user_info%20projects%20pull_requests%20issues%20notes%20keys%20hook%20groups%20gists%20enterprises%20emails
2022-12-23 14:19:14 INFO  m.z.j.RestAuthController - 进入callback：gitee callback params：{"code":"a725cb0eecc675fe45e077423d24e3c868b6b612e7e51ecd3aa4581d097372c8","state":"6786329815a0d806b5399cf6ee50f0c0"}
2022-12-23 14:19:15 INFO  m.z.j.RestAuthController - {"code":2000,"data":{"avatar":"https://gitee.com/assets/no_portrait.png","gender":"UNKNOWN","nickname":"yuanjiejiahui","rawUserInfo":{"gists_url":"https://gitee.com/api/v5/users/WangJiaHui202144/gists{/gist_id}","repos_url":"https://gitee.com/api/v5/users/WangJiaHui202144/repos","following_url":"https://gitee.com/api/v5/users/WangJiaHui202144/following_url{/other_user}","bio":"","created_at":"2021-04-04T14:32:50+08:00","remark":"","login":"WangJiaHui202144","type":"User","subscriptions_url":"https://gitee.com/api/v5/users/WangJiaHui202144/subscriptions","updated_at":"2022-12-23T14:19:12+08:00","id":8920620,"public_repos":1,"organizations_url":"https://gitee.com/api/v5/users/WangJiaHui202144/orgs","starred_url":"https://gitee.com/api/v5/users/WangJiaHui202144/starred{/owner}{/repo}","followers_url":"https://gitee.com/api/v5/users/WangJiaHui202144/followers","public_gists":0,"url":"https://gitee.com/api/v5/users/WangJiaHui202144","received_events_url":"https://gitee.com/api/v5/users/WangJiaHui202144/received_events","watched":8,"followers":2,"avatar_url":"https://gitee.com/assets/no_portrait.png","events_url":"https://gitee.com/api/v5/users/WangJiaHui202144/events{/privacy}","html_url":"https://gitee.com/WangJiaHui202144","following":0,"name":"yuanjiejiahui","stared":1},"remark":"","source":"GITEE","token":{"accessToken":"218914bd9bd0b769f1b0b47f7d1ea89c","expireIn":86400,"refreshToken":"e0270f8712dc8b30a5de9379a713362217149540f4593f0fc0358e88a9ca24e7","refreshTokenExpireIn":0,"scope":"user_info projects pull_requests issues notes keys hook groups gists enterprises emails","tokenType":"bearer"},"username":"WangJiaHui202144","uuid":"8920620"}}
2022-12-23 14:19:15 INFO  m.z.j.RestAuthController - true
2022-12-23 14:31:25 INFO  m.z.j.c.RedisConfig - 初始化 -> [Redis CacheErrorHandler]
2022-12-23 14:31:28 INFO  m.z.j.RestAuthController - 进入render：gitee
2022-12-23 14:31:28 INFO  m.z.j.RestAuthController - https://gitee.com/oauth/authorize?response_type=code&client_id=e6bdeef064190404c0af8e81ab330e45ea9adc49a161e3bf0cdbdb97a7ee001a&redirect_uri=http://127.0.0.1:8443/oauth/callback/gitee&state=facc389fa8bf1aef7bc842c7725ff5dd&scope=user_info%20projects%20pull_requests%20issues%20notes%20keys%20hook%20groups%20gists%20enterprises%20emails
2022-12-23 14:31:28 INFO  m.z.j.RestAuthController - 进入callback：gitee callback params：{"code":"ecf5322dffed00d0103eecd2d2cc842ede56b13e47e086999cd90b9437ece9f3","state":"facc389fa8bf1aef7bc842c7725ff5dd"}
2022-12-23 14:31:29 INFO  m.z.j.RestAuthController - {"code":2000,"data":{"avatar":"https://gitee.com/assets/no_portrait.png","gender":"UNKNOWN","nickname":"yuanjiejiahui","rawUserInfo":{"gists_url":"https://gitee.com/api/v5/users/WangJiaHui202144/gists{/gist_id}","repos_url":"https://gitee.com/api/v5/users/WangJiaHui202144/repos","following_url":"https://gitee.com/api/v5/users/WangJiaHui202144/following_url{/other_user}","bio":"","created_at":"2021-04-04T14:32:50+08:00","remark":"","login":"WangJiaHui202144","type":"User","subscriptions_url":"https://gitee.com/api/v5/users/WangJiaHui202144/subscriptions","updated_at":"2022-12-23T14:19:12+08:00","id":8920620,"public_repos":1,"organizations_url":"https://gitee.com/api/v5/users/WangJiaHui202144/orgs","starred_url":"https://gitee.com/api/v5/users/WangJiaHui202144/starred{/owner}{/repo}","followers_url":"https://gitee.com/api/v5/users/WangJiaHui202144/followers","public_gists":0,"url":"https://gitee.com/api/v5/users/WangJiaHui202144","received_events_url":"https://gitee.com/api/v5/users/WangJiaHui202144/received_events","watched":8,"followers":2,"avatar_url":"https://gitee.com/assets/no_portrait.png","events_url":"https://gitee.com/api/v5/users/WangJiaHui202144/events{/privacy}","html_url":"https://gitee.com/WangJiaHui202144","following":0,"name":"yuanjiejiahui","stared":1},"remark":"","source":"GITEE","token":{"accessToken":"4e0df5180735ae64f31ba46cc7b2d211","expireIn":86400,"refreshToken":"ac613916bfd00ce3845b4c80aff536e9e25f7ea365248130a04564dca2f62443","refreshTokenExpireIn":0,"scope":"user_info projects pull_requests issues notes keys hook groups gists enterprises emails","tokenType":"bearer"},"username":"WangJiaHui202144","uuid":"8920620"}}
2022-12-23 14:31:29 INFO  m.z.j.RestAuthController - true
2022-12-23 14:31:47 INFO  m.z.j.RestAuthController - 进入render：gitee
2022-12-23 14:31:47 INFO  m.z.j.RestAuthController - https://gitee.com/oauth/authorize?response_type=code&client_id=e6bdeef064190404c0af8e81ab330e45ea9adc49a161e3bf0cdbdb97a7ee001a&redirect_uri=http://127.0.0.1:8443/oauth/callback/gitee&state=94d940f40024058704ae3791329a8ac3&scope=user_info%20projects%20pull_requests%20issues%20notes%20keys%20hook%20groups%20gists%20enterprises%20emails
2022-12-23 14:31:47 INFO  m.z.j.RestAuthController - 进入callback：gitee callback params：{"code":"59ae5a0bfba056ec88ed182262feec99b1d2a525dfd78bc0fef3dd590a93dd10","state":"94d940f40024058704ae3791329a8ac3"}
2022-12-23 14:31:48 INFO  m.z.j.RestAuthController - {"code":2000,"data":{"avatar":"https://gitee.com/assets/no_portrait.png","gender":"UNKNOWN","nickname":"yuanjiejiahui","rawUserInfo":{"gists_url":"https://gitee.com/api/v5/users/WangJiaHui202144/gists{/gist_id}","repos_url":"https://gitee.com/api/v5/users/WangJiaHui202144/repos","following_url":"https://gitee.com/api/v5/users/WangJiaHui202144/following_url{/other_user}","bio":"","created_at":"2021-04-04T14:32:50+08:00","remark":"","login":"WangJiaHui202144","type":"User","subscriptions_url":"https://gitee.com/api/v5/users/WangJiaHui202144/subscriptions","updated_at":"2022-12-23T14:19:12+08:00","id":8920620,"public_repos":1,"organizations_url":"https://gitee.com/api/v5/users/WangJiaHui202144/orgs","starred_url":"https://gitee.com/api/v5/users/WangJiaHui202144/starred{/owner}{/repo}","followers_url":"https://gitee.com/api/v5/users/WangJiaHui202144/followers","public_gists":0,"url":"https://gitee.com/api/v5/users/WangJiaHui202144","received_events_url":"https://gitee.com/api/v5/users/WangJiaHui202144/received_events","watched":8,"followers":2,"avatar_url":"https://gitee.com/assets/no_portrait.png","events_url":"https://gitee.com/api/v5/users/WangJiaHui202144/events{/privacy}","html_url":"https://gitee.com/WangJiaHui202144","following":0,"name":"yuanjiejiahui","stared":1},"remark":"","source":"GITEE","token":{"accessToken":"ecbda45717481a1c6a2e45b70642cdcf","expireIn":86400,"refreshToken":"795782869250cf79b635c27eecb81b319b026db63b14610105584b418d8810c8","refreshTokenExpireIn":0,"scope":"user_info projects pull_requests issues notes keys hook groups gists enterprises emails","tokenType":"bearer"},"username":"WangJiaHui202144","uuid":"8920620"}}
2022-12-23 14:31:48 INFO  m.z.j.RestAuthController - true
2022-12-23 14:33:39 INFO  m.z.j.c.RedisConfig - 初始化 -> [Redis CacheErrorHandler]
2022-12-23 14:33:45 INFO  m.z.j.RestAuthController - 进入render：gitee
2022-12-23 14:33:45 INFO  m.z.j.RestAuthController - https://gitee.com/oauth/authorize?response_type=code&client_id=e6bdeef064190404c0af8e81ab330e45ea9adc49a161e3bf0cdbdb97a7ee001a&redirect_uri=http://127.0.0.1:8443/oauth/callback/gitee&state=a31ee51d64945baef6afca391ce2a7b1&scope=user_info%20projects%20pull_requests%20issues%20notes%20keys%20hook%20groups%20gists%20enterprises%20emails
2022-12-23 14:33:46 INFO  m.z.j.RestAuthController - 进入callback：gitee callback params：{"code":"a31bd35c0a7df88b19e151783c22275ce16b9ae9348458bf7e8cabde3fea033b","state":"a31ee51d64945baef6afca391ce2a7b1"}
2022-12-23 14:33:46 INFO  m.z.j.RestAuthController - {"code":2000,"data":{"avatar":"https://gitee.com/assets/no_portrait.png","gender":"UNKNOWN","nickname":"yuanjiejiahui","rawUserInfo":{"gists_url":"https://gitee.com/api/v5/users/WangJiaHui202144/gists{/gist_id}","repos_url":"https://gitee.com/api/v5/users/WangJiaHui202144/repos","following_url":"https://gitee.com/api/v5/users/WangJiaHui202144/following_url{/other_user}","bio":"","created_at":"2021-04-04T14:32:50+08:00","remark":"","login":"WangJiaHui202144","type":"User","subscriptions_url":"https://gitee.com/api/v5/users/WangJiaHui202144/subscriptions","updated_at":"2022-12-23T14:19:12+08:00","id":8920620,"public_repos":1,"organizations_url":"https://gitee.com/api/v5/users/WangJiaHui202144/orgs","starred_url":"https://gitee.com/api/v5/users/WangJiaHui202144/starred{/owner}{/repo}","followers_url":"https://gitee.com/api/v5/users/WangJiaHui202144/followers","public_gists":0,"url":"https://gitee.com/api/v5/users/WangJiaHui202144","received_events_url":"https://gitee.com/api/v5/users/WangJiaHui202144/received_events","watched":8,"followers":2,"avatar_url":"https://gitee.com/assets/no_portrait.png","events_url":"https://gitee.com/api/v5/users/WangJiaHui202144/events{/privacy}","html_url":"https://gitee.com/WangJiaHui202144","following":0,"name":"yuanjiejiahui","stared":1},"remark":"","source":"GITEE","token":{"accessToken":"a1d6e420dd852596aa77e7f0e344a3a5","expireIn":86400,"refreshToken":"e8f7b7c199bb52aafc5c08c2728b4024f60fa1d6f4b4684c0be5c52e78873231","refreshTokenExpireIn":0,"scope":"user_info projects pull_requests issues notes keys hook groups gists enterprises emails","tokenType":"bearer"},"username":"WangJiaHui202144","uuid":"8920620"}}
2022-12-23 14:33:46 INFO  m.z.j.RestAuthController - true
